<?xml version="1.0" encoding="UTF-8"?>
<testng-results ignored="4" total="5" passed="1" failed="0" skipped="0">
  <reporter-output>
  </reporter-output>
  <suite started-at="2023-08-08T21:15:24 IST" name="Default suite" finished-at="2023-08-08T21:15:41 IST" duration-ms="16636">
    <groups>
    </groups>
    <test started-at="2023-08-08T21:15:24 IST" name="Default test" finished-at="2023-08-08T21:15:41 IST" duration-ms="16636">
      <class name="testNgAssignment.TestNGAssignment1">
        <test-method is-config="true" signature="beforeMethod()[pri:0, instance:testNgAssignment.TestNGAssignment1@53fb3dab]" started-at="2023-08-08T21:15:24 IST" name="beforeMethod" finished-at="2023-08-08T21:15:31 IST" duration-ms="6607" status="PASS">
          <reporter-output>
          </reporter-output>
        </test-method> <!-- beforeMethod -->
        <test-method signature="verifyAllStoresAreDisplayedInHomePageOrNot()[pri:0, instance:testNgAssignment.TestNGAssignment1@53fb3dab]" started-at="2023-08-08T21:15:31 IST" name="verifyAllStoresAreDisplayedInHomePageOrNot" finished-at="2023-08-08T21:15:40 IST" duration-ms="9698" status="PASS">
          <reporter-output>
          </reporter-output>
        </test-method> <!-- verifyAllStoresAreDisplayedInHomePageOrNot -->
        <test-method is-config="true" signature="afterMethod()[pri:0, instance:testNgAssignment.TestNGAssignment1@53fb3dab]" started-at="2023-08-08T21:15:40 IST" name="afterMethod" finished-at="2023-08-08T21:15:41 IST" duration-ms="276" status="PASS">
          <reporter-output>
          </reporter-output>
        </test-method> <!-- afterMethod -->
      </class> <!-- testNgAssignment.TestNGAssignment1 -->
    </test> <!-- Default test -->
  </suite> <!-- Default suite -->
</testng-results>
