<?xml version="1.0" encoding="UTF-8"?>
<!-- Generated by org.testng.reporters.JUnitXMLReporter -->
<testsuite ignored="4" hostname="DESKTOP-K4U13B2" failures="0" tests="1" name="Default test" time="16.636" errors="0" timestamp="2023-08-08T21:15:41 IST">
  <testcase classname="testNgAssignment.TestNGAssignment1" name="verifyAllStoresAreDisplayedInHomePageOrNot" time="9.698"/>
  <testcase classname="testNgAssignment.TestNGAssignment1" name="verifySuccessfulLogin" time="0.0">
    <ignored/>
  </testcase> <!-- verifySuccessfulLogin -->
  <testcase classname="testNgAssignment.TestNGAssignment1" name="verifyToSearchAProductMangoJamIsDisplayedOrNot" time="0.0">
    <ignored/>
  </testcase> <!-- verifyToSearchAProductMangoJamIsDisplayedOrNot -->
  <testcase classname="testNgAssignment.TestNGAssignment1" name="verifyUnsuccessfulLogin" time="0.0">
    <ignored/>
  </testcase> <!-- verifyUnsuccessfulLogin -->
  <testcase classname="testNgAssignment.TestNGAssignment1" name="verifyTheLogoIsDisplayedOrNot" time="0.0">
    <ignored/>
  </testcase> <!-- verifyTheLogoIsDisplayedOrNot -->
</testsuite> <!-- Default test -->
